<?xml version="1.0" encoding="UTF-8"?>
<!-- Generated by org.testng.reporters.JUnitXMLReporter -->
<testsuite ignored="0" hostname="AGRNT-WS-002" failures="0" tests="3" name="Test" time="10.618" errors="0" timestamp="2022-08-24T15:40:45 IST">
  <testcase classname="Academy.E2EProjects.HomePage" name="basepagenavigation" time="2.622"/>
  <testcase classname="Academy.E2EProjects.HomePage" name="basepagenavigation" time="2.756"/>
  <testcase classname="Academy.E2EProjects.OpenUrlWithoutWebsite" name="basepagenavigation" time="0.022"/>
</testsuite> <!-- Test -->
